2025-08-15 19:20:58,877 [INFO] select pg_catalog.version()
2025-08-15 19:20:58,877 [INFO] [raw sql] ()
2025-08-15 19:20:58,879 [INFO] select current_schema()
2025-08-15 19:20:58,879 [INFO] [raw sql] ()
2025-08-15 19:20:58,881 [INFO] show standard_conforming_strings
2025-08-15 19:20:58,881 [INFO] [raw sql] ()
2025-08-15 19:20:58,882 [INFO] BEGIN (implicit)
2025-08-15 19:20:58,885 [INFO] SELECT pg_catalog.pg_class.relname 
FROM pg_catalog.pg_class JOIN pg_catalog.pg_namespace ON pg_catalog.pg_namespace.oid = pg_catalog.pg_class.relnamespace 
WHERE pg_catalog.pg_class.relname = $1::VARCHAR AND pg_catalog.pg_class.relkind = ANY (ARRAY[$2::VARCHAR, $3::VARCHAR, $4::VARCHAR, $5::VARCHAR, $6::VARCHAR]) AND pg_catalog.pg_table_is_visible(pg_catalog.pg_class.oid) AND pg_catalog.pg_namespace.nspname != $7::VARCHAR
2025-08-15 19:20:58,886 [INFO] [generated in 0.00100s] ('users', 'r', 'p', 'f', 'v', 'm', 'pg_catalog')
2025-08-15 19:20:58,892 [INFO] SELECT pg_catalog.pg_class.relname 
FROM pg_catalog.pg_class JOIN pg_catalog.pg_namespace ON pg_catalog.pg_namespace.oid = pg_catalog.pg_class.relnamespace 
WHERE pg_catalog.pg_class.relname = $1::VARCHAR AND pg_catalog.pg_class.relkind = ANY (ARRAY[$2::VARCHAR, $3::VARCHAR, $4::VARCHAR, $5::VARCHAR, $6::VARCHAR]) AND pg_catalog.pg_table_is_visible(pg_catalog.pg_class.oid) AND pg_catalog.pg_namespace.nspname != $7::VARCHAR
2025-08-15 19:20:58,893 [INFO] [cached since 0.007405s ago] ('properties', 'r', 'p', 'f', 'v', 'm', 'pg_catalog')
2025-08-15 19:20:58,894 [INFO] COMMIT
2025-08-15 19:29:14,844 [INFO] select pg_catalog.version()
2025-08-15 19:29:14,850 [INFO] [raw sql] ()
2025-08-15 19:29:14,851 [INFO] select current_schema()
2025-08-15 19:29:14,851 [INFO] [raw sql] ()
2025-08-15 19:29:14,851 [INFO] show standard_conforming_strings
2025-08-15 19:29:14,851 [INFO] [raw sql] ()
2025-08-15 19:29:14,851 [INFO] BEGIN (implicit)
2025-08-15 19:29:14,851 [INFO] SELECT pg_catalog.pg_class.relname 
FROM pg_catalog.pg_class JOIN pg_catalog.pg_namespace ON pg_catalog.pg_namespace.oid = pg_catalog.pg_class.relnamespace 
WHERE pg_catalog.pg_class.relname = $1::VARCHAR AND pg_catalog.pg_class.relkind = ANY (ARRAY[$2::VARCHAR, $3::VARCHAR, $4::VARCHAR, $5::VARCHAR, $6::VARCHAR]) AND pg_catalog.pg_table_is_visible(pg_catalog.pg_class.oid) AND pg_catalog.pg_namespace.nspname != $7::VARCHAR
2025-08-15 19:29:14,851 [INFO] [generated in 0.00054s] ('users', 'r', 'p', 'f', 'v', 'm', 'pg_catalog')
2025-08-15 19:29:14,861 [INFO] SELECT pg_catalog.pg_class.relname 
FROM pg_catalog.pg_class JOIN pg_catalog.pg_namespace ON pg_catalog.pg_namespace.oid = pg_catalog.pg_class.relnamespace 
WHERE pg_catalog.pg_class.relname = $1::VARCHAR AND pg_catalog.pg_class.relkind = ANY (ARRAY[$2::VARCHAR, $3::VARCHAR, $4::VARCHAR, $5::VARCHAR, $6::VARCHAR]) AND pg_catalog.pg_table_is_visible(pg_catalog.pg_class.oid) AND pg_catalog.pg_namespace.nspname != $7::VARCHAR
2025-08-15 19:29:14,861 [INFO] [cached since 0.006808s ago] ('properties', 'r', 'p', 'f', 'v', 'm', 'pg_catalog')
2025-08-15 19:29:14,866 [INFO] COMMIT
2025-08-15 19:51:04,998 [INFO] select pg_catalog.version()
2025-08-15 19:51:04,998 [INFO] [raw sql] ()
2025-08-15 19:51:05,000 [INFO] select current_schema()
2025-08-15 19:51:05,001 [INFO] [raw sql] ()
2025-08-15 19:51:05,002 [INFO] show standard_conforming_strings
2025-08-15 19:51:05,003 [INFO] [raw sql] ()
2025-08-15 19:51:05,004 [INFO] BEGIN (implicit)
2025-08-15 19:51:05,007 [INFO] SELECT pg_catalog.pg_class.relname 
FROM pg_catalog.pg_class JOIN pg_catalog.pg_namespace ON pg_catalog.pg_namespace.oid = pg_catalog.pg_class.relnamespace 
WHERE pg_catalog.pg_class.relname = $1::VARCHAR AND pg_catalog.pg_class.relkind = ANY (ARRAY[$2::VARCHAR, $3::VARCHAR, $4::VARCHAR, $5::VARCHAR, $6::VARCHAR]) AND pg_catalog.pg_table_is_visible(pg_catalog.pg_class.oid) AND pg_catalog.pg_namespace.nspname != $7::VARCHAR
2025-08-15 19:51:05,008 [INFO] [generated in 0.00050s] ('users', 'r', 'p', 'f', 'v', 'm', 'pg_catalog')
2025-08-15 19:51:05,014 [INFO] SELECT pg_catalog.pg_class.relname 
FROM pg_catalog.pg_class JOIN pg_catalog.pg_namespace ON pg_catalog.pg_namespace.oid = pg_catalog.pg_class.relnamespace 
WHERE pg_catalog.pg_class.relname = $1::VARCHAR AND pg_catalog.pg_class.relkind = ANY (ARRAY[$2::VARCHAR, $3::VARCHAR, $4::VARCHAR, $5::VARCHAR, $6::VARCHAR]) AND pg_catalog.pg_table_is_visible(pg_catalog.pg_class.oid) AND pg_catalog.pg_namespace.nspname != $7::VARCHAR
2025-08-15 19:51:05,014 [INFO] [cached since 0.006832s ago] ('properties', 'r', 'p', 'f', 'v', 'm', 'pg_catalog')
2025-08-15 19:51:05,015 [INFO] COMMIT
